<?xml version="1.0" encoding="UTF-8"?>
<!-- Generated by org.testng.reporters.JUnitReportReporter -->
<testsuite hostname="Shumis-Air.fios-router.home" failures="0" tests="1" name="AllTest.ClaimsTest" time="23.470" errors="0" timestamp="2023-05-14T14:54:39 EDT" skipped="0">
  <testcase classname="AllTest.ClaimsTest" name="clamimsTest" time="23.470"/>
  <system-out>
    <![CDATA[[[ChromeDriver: chrome on MAC (83b68b3c56c4653a7e2c9ae70789d415)] -> xpath: (//span[text()='Claims'])[2]] Has been clicked<b>
[[ChromeDriver: chrome on MAC (83b68b3c56c4653a7e2c9ae70789d415)] -> xpath: (//a[text()='Get Roadside Assistance'])[2]] Has been clicked<b>
[[ChromeDriver: chrome on MAC (83b68b3c56c4653a7e2c9ae70789d415)] -> id: landing-main-heading] <<<Inner Text : ROADSIDE ASSISTANCE<b>
[[ChromeDriver: chrome on MAC (83b68b3c56c4653a7e2c9ae70789d415)] -> id: tag-faq] Has been clicked<b>]]>
  </system-out>
</testsuite> <!-- AllTest.ClaimsTest -->
