<?xml version="1.0" encoding="UTF-8"?>
<!-- Generated by org.testng.reporters.JUnitReportReporter -->
<testsuite hostname="Shumis-Air.fios-router.home" failures="0" tests="1" name="AllTest.InvestmentsTest" time="18.515" errors="0" timestamp="2023-05-13T23:06:40 EDT" skipped="0">
  <testcase classname="AllTest.InvestmentsTest" name="getInvestmentsTest" time="18.515"/>
  <system-out>
    <![CDATA[[[ChromeDriver: chrome on MAC (c9083902e10648fbda9628e1c95a6952)] -> xpath: //*[text()='Investments']] Has been clicked<b>
[[ChromeDriver: chrome on MAC (c9083902e10648fbda9628e1c95a6952)] -> id: oneX-0-investments] Has been clicked<b>
[[ChromeDriver: chrome on MAC (c9083902e10648fbda9628e1c95a6952)] -> id: mf-account-login-dropdown]<<<< Select : State Farm Brokerage Account<b>
[[ChromeDriver: chrome on MAC (c9083902e10648fbda9628e1c95a6952)] -> xpath: (//*[@class='-oneX-btn-primary'])[3]] Has been clicked<b>]]>
  </system-out>
</testsuite> <!-- AllTest.InvestmentsTest -->
