<?xml version="1.0" encoding="UTF-8"?>
<!-- Generated by org.testng.reporters.JUnitReportReporter -->
<testsuite hostname="Shumis-Air.fios-router.home" failures="0" tests="1" name="AllTest.InvestmentsTest" time="18.258" errors="0" timestamp="2023-05-16T09:03:35 EDT" skipped="0">
  <testcase classname="AllTest.InvestmentsTest" name="getInvestmentsTest" time="18.258"/>
  <system-out>
    <![CDATA[[[ChromeDriver: chrome on MAC (0f2b51c15820dbb814090ee93097629e)] -> xpath: //*[text()='Investments']] Has been clicked<b>
[[ChromeDriver: chrome on MAC (0f2b51c15820dbb814090ee93097629e)] -> id: oneX-0-investments] Has been clicked<b>
[[ChromeDriver: chrome on MAC (0f2b51c15820dbb814090ee93097629e)] -> id: mf-account-login-dropdown]<<<< Select : State Farm Brokerage Account<b>
[[ChromeDriver: chrome on MAC (0f2b51c15820dbb814090ee93097629e)] -> xpath: (//*[@class='-oneX-btn-primary'])[3]] Has been clicked<b>]]>
  </system-out>
</testsuite> <!-- AllTest.InvestmentsTest -->
