<?xml version="1.0" encoding="UTF-8"?>
<!-- Generated by org.testng.reporters.JUnitReportReporter -->
<testsuite hostname="Shumis-Air.fios-router.home" failures="0" tests="1" name="AllTest.GetAQuoteTest" time="51.103" errors="0" timestamp="2023-05-14T12:45:59 EDT" skipped="0">
  <testcase classname="AllTest.GetAQuoteTest" name="getAQuote" time="51.103"/>
  <system-out>
    <![CDATA[[[ChromeDriver: chrome on MAC (f82b3e73017152de1cc84418694c4e0e)] -> xpath: (//button[@class='-oneX-header-top-menu-btn '] )//span[text()='Get a Quote']] Has been clicked<b>
[[ChromeDriver: chrome on MAC (f82b3e73017152de1cc84418694c4e0e)] -> id: getaquote-select-product]<<<< Select : Life<b>
[[ChromeDriver: chrome on MAC (f82b3e73017152de1cc84418694c4e0e)] -> id: getaquote-state-select]<<<< Select : NJ<b>
[[ChromeDriver: chrome on MAC (f82b3e73017152de1cc84418694c4e0e)] -> id: getaQuoteButton] Has been clicked<b>
[[ChromeDriver: chrome on MAC (f82b3e73017152de1cc84418694c4e0e)] -> css selector: .-oneX-heading--h5.insureQuestion] <<<Inner Text : Is this quote to insure you?<b>
[[ChromeDriver: chrome on MAC (f82b3e73017152de1cc84418694c4e0e)] -> id: userBirthDate]<<< value inserted: 10202000<b>
Proxy element for: DefaultElementLocator 'By.xpath: //span[text()='Next']' Has been clicked<b>
[[ChromeDriver: chrome on MAC (f82b3e73017152de1cc84418694c4e0e)] -> xpath: (//button[@class='-oneX-btn-auto-advance-selector'] )[2]] Has been clicked<b>]]>
  </system-out>
</testsuite> <!-- AllTest.GetAQuoteTest -->
