<?xml version="1.0" encoding="UTF-8"?>
<!-- Generated by org.testng.reporters.JUnitReportReporter -->
<testsuite hostname="Shumis-Air.fios-router.home" failures="0" tests="5" name="misc.UnitTest" time="0.194" errors="0" timestamp="2023-05-16T13:34:11 EDT" skipped="0">
  <testcase classname="misc.UnitTest" name="confiNumTest" time="0.014"/>
  <system-out/>
  <testcase classname="misc.UnitTest" name="fileops" time="0.005"/>
  <system-out/>
  <testcase classname="misc.UnitTest" name="configurationUnitTest" time="0.005"/>
  <system-out/>
  <testcase classname="misc.UnitTest" name="dateTest" time="0.167"/>
  <system-out/>
  <testcase classname="misc.UnitTest" name="systemGetPropTest" time="0.003"/>
  <system-out/>
</testsuite> <!-- misc.UnitTest -->
