<?xml version="1.0" encoding="UTF-8"?>
<!-- Generated by org.testng.reporters.JUnitReportReporter -->
<testsuite hostname="Shumis-Air.fios-router.home" failures="0" tests="1" name="AllTest.InvestmentsTest" time="17.700" errors="0" timestamp="2023-05-14T12:42:17 EDT" skipped="0">
  <testcase classname="AllTest.InvestmentsTest" name="getInvestmentsTest" time="17.700"/>
  <system-out>
    <![CDATA[[[ChromeDriver: chrome on MAC (0f9a55e85d52cda16cd200e9ed6182f4)] -> xpath: //*[text()='Investments']] Has been clicked<b>
[[ChromeDriver: chrome on MAC (0f9a55e85d52cda16cd200e9ed6182f4)] -> id: oneX-0-investments] Has been clicked<b>
[[ChromeDriver: chrome on MAC (0f9a55e85d52cda16cd200e9ed6182f4)] -> id: mf-account-login-dropdown]<<<< Select : State Farm Brokerage Account<b>
[[ChromeDriver: chrome on MAC (0f9a55e85d52cda16cd200e9ed6182f4)] -> xpath: (//*[@class='-oneX-btn-primary'])[3]] Has been clicked<b>]]>
  </system-out>
</testsuite> <!-- AllTest.InvestmentsTest -->
