<?xml version="1.0" encoding="UTF-8"?>
<!-- Generated by org.testng.reporters.JUnitReportReporter -->
<testsuite hostname="Shumis-Air.fios-router.home" failures="0" tests="1" name="AllTest.InsuranceTest" time="48.131" errors="0" timestamp="2023-05-14T12:44:38 EDT" skipped="0">
  <testcase classname="AllTest.InsuranceTest" name="insuranceTest" time="48.131"/>
  <system-out>
    <![CDATA[[[ChromeDriver: chrome on MAC (e5b37cb7ec1092b404950934aab16012)] -> xpath: //button[@data-for='insurance']//span[text()='Insurance']] Has been clicked<b>
[[ChromeDriver: chrome on MAC (e5b37cb7ec1092b404950934aab16012)] -> xpath: //a[text()='Motorcycle']] Has been clicked<b>
[[ChromeDriver: chrome on MAC (e5b37cb7ec1092b404950934aab16012)] -> id: callout-agent-zip-code-input1]<<< value inserted: 19082<b>
Proxy element for: DefaultElementLocator 'By.id: quote-main-zip-code-button1' Has been clicked<b>
[[ChromeDriver: chrome on MAC (e5b37cb7ec1092b404950934aab16012)] -> class name: -oneX-heading--h1] <<<Inner Text : Find a State Farm Agent Near You<b>
[[ChromeDriver: chrome on MAC (e5b37cb7ec1092b404950934aab16012)] -> id: search] Has been clicked<b>]]>
  </system-out>
</testsuite> <!-- AllTest.InsuranceTest -->
