<?xml version="1.0" encoding="UTF-8"?>
<!-- Generated by org.testng.reporters.JUnitReportReporter -->
<testsuite hostname="Shumis-Air.fios-router.home" failures="0" tests="1" name="LogInTest" time="18.872" errors="0" timestamp="2023-05-13T23:02:21 EDT" skipped="0">
  <testcase classname="LogInTest" name="logInTest" time="18.872"/>
  <system-out>
    <![CDATA[[[ChromeDriver: chrome on MAC (1eb2435629d568572ad0e0f60e79007e)] -> xpath: //*[@class='-oneX-header-top-menu-btn']] Has been clicked<b>
[[ChromeDriver: chrome on MAC (1eb2435629d568572ad0e0f60e79007e)] -> xpath: (//*[@class='-oneX-link--block'])[3]] Has been clicked<b>
[[ChromeDriver: chrome on MAC (1eb2435629d568572ad0e0f60e79007e)] -> id: TimeZoneGreeting] <<<Inner Text : Good evening!<b>
[[ChromeDriver: chrome on MAC (1eb2435629d568572ad0e0f60e79007e)] -> id: inputphoneNumber]<<< value inserted: 1234567788<b>
[[ChromeDriver: chrome on MAC (1eb2435629d568572ad0e0f60e79007e)] -> id: inputdateOfBirth]<<< value inserted: 10202000<b>
[[ChromeDriver: chrome on MAC (1eb2435629d568572ad0e0f60e79007e)] -> id: inputemailAddress]<<< value inserted: ShumiA1235@gmail.com<b>
[[ChromeDriver: chrome on MAC (1eb2435629d568572ad0e0f60e79007e)] -> id: customer-search-submit] Has been clicked<b>]]>
  </system-out>
</testsuite> <!-- LogInTest -->
