<?xml version="1.0" encoding="UTF-8"?>
<!-- Generated by org.testng.reporters.JUnitReportReporter -->
<testsuite hostname="Shumis-Air.fios-router.home" failures="0" tests="1" name="AllTest.LogInTest" time="22.602" errors="0" timestamp="2023-05-14T14:38:49 EDT" skipped="0">
  <testcase classname="AllTest.LogInTest" name="logInTest" time="22.602"/>
  <system-out>
    <![CDATA[[[ChromeDriver: chrome on MAC (62fca97be327d03610dea90ed28d42dc)] -> xpath: //*[@class='-oneX-header-top-menu-btn']] Has been clicked<b>
[[ChromeDriver: chrome on MAC (62fca97be327d03610dea90ed28d42dc)] -> xpath: (//*[@class='-oneX-link--block'])[3]] Has been clicked<b>
[[ChromeDriver: chrome on MAC (62fca97be327d03610dea90ed28d42dc)] -> id: inputphoneNumber]<<< value inserted: 1234567788<b>
[[ChromeDriver: chrome on MAC (62fca97be327d03610dea90ed28d42dc)] -> id: inputdateOfBirth]<<< value inserted: 10202000<b>
[[ChromeDriver: chrome on MAC (62fca97be327d03610dea90ed28d42dc)] -> id: inputemailAddress]<<< value inserted: ShumiA1235@gmail.com<b>
[[ChromeDriver: chrome on MAC (62fca97be327d03610dea90ed28d42dc)] -> id: customer-search-submit] Has been clicked<b>]]>
  </system-out>
</testsuite> <!-- AllTest.LogInTest -->
