<?xml version="1.0" encoding="UTF-8"?>
<!-- Generated by org.testng.reporters.JUnitReportReporter -->
<testsuite hostname="Shumis-Air.fios-router.home" failures="0" tests="1" name="AllTest.AutoTest" time="31.769" errors="0" timestamp="2023-05-15T11:30:07 EDT" skipped="0">
  <testcase classname="AllTest.AutoTest" name="getA_Quote" time="31.769"/>
  <system-out>
    <![CDATA[[[ChromeDriver: chrome on MAC (fe1ffdbc75822960d5e6fa8ebc5f4f57)] -> xpath: //*[text()='Create an affordable price, just for you']] <<<Inner Text : Create an affordable price, just for you<b>
[[ChromeDriver: chrome on MAC (fe1ffdbc75822960d5e6fa8ebc5f4f57)] -> name: productName] Has been clicked<b>
[[ChromeDriver: chrome on MAC (fe1ffdbc75822960d5e6fa8ebc5f4f57)] -> id: quote-main-zip-code-input]<<< value inserted: 19082<b>
[[ChromeDriver: chrome on MAC (fe1ffdbc75822960d5e6fa8ebc5f4f57)] -> id: quote-main-zip-btn] Has been clicked<b>
[[ChromeDriver: chrome on MAC (fe1ffdbc75822960d5e6fa8ebc5f4f57)] -> xpath: //h1[@class='-oneX-heading--h1 -oneX-font--bold margin0']] <<<Inner Text : Let's create your<br>Personal Price Plan<sup>TM</sup><b>
[[ChromeDriver: chrome on MAC (fe1ffdbc75822960d5e6fa8ebc5f4f57)] -> id: first_name]<<< value inserted: Shumi<b>
[[ChromeDriver: chrome on MAC (fe1ffdbc75822960d5e6fa8ebc5f4f57)] -> id: middle_name]<<< value inserted: R<b>
[[ChromeDriver: chrome on MAC (fe1ffdbc75822960d5e6fa8ebc5f4f57)] -> id: last_name]<<< value inserted: Akter<b>
[[ChromeDriver: chrome on MAC (fe1ffdbc75822960d5e6fa8ebc5f4f57)] -> id: suffix_name]<<<< Select : Jr<b>
[[ChromeDriver: chrome on MAC (fe1ffdbc75822960d5e6fa8ebc5f4f57)] -> id: street1]<<< value inserted: 7120 sellers Ave<b>
[[ChromeDriver: chrome on MAC (fe1ffdbc75822960d5e6fa8ebc5f4f57)] -> id: street2]<<< value inserted: 2nd<b>
[[ChromeDriver: chrome on MAC (fe1ffdbc75822960d5e6fa8ebc5f4f57)] -> id: date_of_birth]<<< value inserted: 10201978<b>
[[ChromeDriver: chrome on MAC (fe1ffdbc75822960d5e6fa8ebc5f4f57)] -> id: btnContinue] Has been clicked<b>
[[ChromeDriver: chrome on MAC (fe1ffdbc75822960d5e6fa8ebc5f4f57)] -> xpath: //h1[text()='Vehicles']] <<<Inner Text : Vehicles<b>
[[ChromeDriver: chrome on MAC (fe1ffdbc75822960d5e6fa8ebc5f4f57)] -> id: h3Title] <<< Inner Text : Add up to 4 vehicles<b>
[[ChromeDriver: chrome on MAC (fe1ffdbc75822960d5e6fa8ebc5f4f57)] -> id: addVehicleButton] Has been clicked<b>
[[ChromeDriver: chrome on MAC (fe1ffdbc75822960d5e6fa8ebc5f4f57)] -> xpath: //select[@id='sfx_vehicles[0].motorVehicle.ymmb.year_input']]<<<< Select : 2020<b>
[[ChromeDriver: chrome on MAC (fe1ffdbc75822960d5e6fa8ebc5f4f57)] -> xpath: //span[contains(text(),'Please provide make,')]] <<<Inner Text : Please provide make, model and body style, or Vehicle Identification Number (VIN).<b>
[[ChromeDriver: chrome on MAC (fe1ffdbc75822960d5e6fa8ebc5f4f57)] -> xpath: //select[@id='sfx_vehicles[0].motorVehicle.ymmb.make_input']]<<<< Select : BMW<b>
[[ChromeDriver: chrome on MAC (fe1ffdbc75822960d5e6fa8ebc5f4f57)] -> xpath: //select[@id='sfx_vehicles[0].motorVehicle.ymmb.model_input']]<<<< Select : M2<b>
[[ChromeDriver: chrome on MAC (fe1ffdbc75822960d5e6fa8ebc5f4f57)] -> xpath: //select[@id='sfx_vehicles[0].motorVehicle.ymmb.bodyStyle_input']]<<<< Select : COMPETITION 2D CPE GAS<b>]]>
  </system-out>
</testsuite> <!-- AllTest.AutoTest -->
