<?xml version="1.0" encoding="UTF-8"?>
<!-- Generated by org.testng.reporters.JUnitReportReporter -->
<testsuite hostname="Shumis-Air.fios-router.home" failures="0" tests="1" name="AllTest.LogInTest" time="14.958" errors="0" timestamp="2023-05-15T09:53:17 EDT" skipped="0">
  <testcase classname="AllTest.LogInTest" name="logInTest" time="14.958"/>
  <system-out>
    <![CDATA[[[ChromeDriver: chrome on MAC (a3a49d1e198b82ac23bf204655fac0b4)] -> xpath: //*[@class='-oneX-header-top-menu-btn']] Has been clicked<b>
[[ChromeDriver: chrome on MAC (a3a49d1e198b82ac23bf204655fac0b4)] -> xpath: (//*[@class='-oneX-link--block'])[3]] Has been clicked<b>
[[ChromeDriver: chrome on MAC (a3a49d1e198b82ac23bf204655fac0b4)] -> id: inputphoneNumber]<<< value inserted: 1234567788<b>
[[ChromeDriver: chrome on MAC (a3a49d1e198b82ac23bf204655fac0b4)] -> id: inputdateOfBirth]<<< value inserted: 10202000<b>
[[ChromeDriver: chrome on MAC (a3a49d1e198b82ac23bf204655fac0b4)] -> id: inputemailAddress]<<< value inserted: ShumiA1235@gmail.com<b>
[[ChromeDriver: chrome on MAC (a3a49d1e198b82ac23bf204655fac0b4)] -> id: customer-search-submit] Has been clicked<b>]]>
  </system-out>
</testsuite> <!-- AllTest.LogInTest -->
