<?xml version="1.0" encoding="UTF-8"?>
<!-- Generated by org.testng.reporters.JUnitReportReporter -->
<testsuite hostname="Shumis-Air.fios-router.home" failures="0" tests="1" name="allTest.PayBillTest" time="37.225" errors="0" timestamp="2023-05-18T00:21:22 EDT" skipped="0">
  <testcase classname="allTest.PayBillTest" name="getBillTest" time="37.225"/>
  <system-out>
    <![CDATA[[[ChromeDriver: chrome on MAC (19aecae841a69048899d8a3025d35a00)] -> xpath: //span[text()='Pay a Bill']] Has been clicked<b>
[[ChromeDriver: chrome on MAC (19aecae841a69048899d8a3025d35a00)] -> id: pay-a-bill-paymentSelect]<<<< Select : Phone Number<b>
[[ChromeDriver: chrome on MAC (19aecae841a69048899d8a3025d35a00)] -> id: pay-a-bill-phoneNo]<<< value inserted: 6462507944<b>
[[ChromeDriver: chrome on MAC (19aecae841a69048899d8a3025d35a00)] -> id: pay-a-bill-DOB]<<< value inserted: 10202020<b>
Proxy element for: DefaultElementLocator 'By.id: pay-a-bill-submitButton' Has been clicked<b>]]>
  </system-out>
</testsuite> <!-- allTest.PayBillTest -->
