<?xml version="1.0" encoding="UTF-8"?>
<!-- Generated by org.testng.reporters.JUnitReportReporter -->
<testsuite hostname="Shumis-Air.fios-router.home" failures="0" tests="1" name="AllTest.ParameterizedTest" time="20.063" errors="0" timestamp="2023-05-15T05:30:38 EDT" skipped="0">
  <testcase classname="AllTest.ParameterizedTest" name="getAutoTest" time="20.063"/>
  <system-out>
    <![CDATA[[[ChromeDriver: chrome on MAC (4374ff11a48b7fd0abc1b9a2484b89f3)] -> xpath: //*[text()='Create an affordable price, just for you']] <<<Inner Text : Create an affordable price, just for you<b>
[[ChromeDriver: chrome on MAC (4374ff11a48b7fd0abc1b9a2484b89f3)] -> name: productName] Has been clicked<b>
[[ChromeDriver: chrome on MAC (4374ff11a48b7fd0abc1b9a2484b89f3)] -> id: quote-main-zip-code-input]<<< value inserted: 19082<b>
[[ChromeDriver: chrome on MAC (4374ff11a48b7fd0abc1b9a2484b89f3)] -> id: quote-main-zip-btn] Has been clicked<b>
[[ChromeDriver: chrome on MAC (4374ff11a48b7fd0abc1b9a2484b89f3)] -> xpath: //h1[@class='-oneX-heading--h1 -oneX-font--bold margin0']] <<<Inner Text : Let's create your<br>Personal Price Plan<sup>TM</sup><b>
[[ChromeDriver: chrome on MAC (4374ff11a48b7fd0abc1b9a2484b89f3)] -> id: first_name]<<< value inserted: Shumi<b>
[[ChromeDriver: chrome on MAC (4374ff11a48b7fd0abc1b9a2484b89f3)] -> id: middle_name]<<< value inserted:  R<b>
[[ChromeDriver: chrome on MAC (4374ff11a48b7fd0abc1b9a2484b89f3)] -> id: last_name]<<< value inserted: Akter<b>
[[ChromeDriver: chrome on MAC (4374ff11a48b7fd0abc1b9a2484b89f3)] -> id: suffix_name]<<<< Select : Jr<b>
[[ChromeDriver: chrome on MAC (4374ff11a48b7fd0abc1b9a2484b89f3)] -> id: street1]<<< value inserted: 7120 sellers Ave<b>
[[ChromeDriver: chrome on MAC (4374ff11a48b7fd0abc1b9a2484b89f3)] -> id: street2]<<< value inserted: 2nd<b>
[[ChromeDriver: chrome on MAC (4374ff11a48b7fd0abc1b9a2484b89f3)] -> id: date_of_birth]<<< value inserted: 10201978<b>]]>
  </system-out>
</testsuite> <!-- AllTest.ParameterizedTest -->
