<?xml version="1.0" encoding="UTF-8"?>
<!-- Generated by org.testng.reporters.JUnitReportReporter -->
<testsuite hostname="Shumis-Air.fios-router.home" failures="0" tests="1" name="AllTest.LogInTest" time="21.874" errors="0" timestamp="2023-05-16T09:02:22 EDT" skipped="0">
  <testcase classname="AllTest.LogInTest" name="logInTest" time="21.874"/>
  <system-out>
    <![CDATA[[[ChromeDriver: chrome on MAC (f065792bd1fef1ff36a2685573c46bca)] -> xpath: //*[@class='-oneX-header-top-menu-btn']] Has been clicked<b>
[[ChromeDriver: chrome on MAC (f065792bd1fef1ff36a2685573c46bca)] -> xpath: (//*[@class='-oneX-link--block'])[3]] Has been clicked<b>
[[ChromeDriver: chrome on MAC (f065792bd1fef1ff36a2685573c46bca)] -> id: inputphoneNumber]<<< value inserted: 1234567788<b>
[[ChromeDriver: chrome on MAC (f065792bd1fef1ff36a2685573c46bca)] -> id: inputdateOfBirth]<<< value inserted: 10202000<b>
[[ChromeDriver: chrome on MAC (f065792bd1fef1ff36a2685573c46bca)] -> id: inputemailAddress]<<< value inserted: ShumiA1235@gmail.com<b>
[[ChromeDriver: chrome on MAC (f065792bd1fef1ff36a2685573c46bca)] -> id: customer-search-submit] Has been clicked<b>]]>
  </system-out>
</testsuite> <!-- AllTest.LogInTest -->
