<?xml version="1.0" encoding="UTF-8"?>
<!-- Generated by org.testng.reporters.JUnitReportReporter -->
<testsuite hostname="Shumis-Air.fios-router.home" failures="0" tests="1" name="AllTest.BankingTest" time="53.570" errors="0" timestamp="2023-05-14T15:00:46 EDT" skipped="0">
  <testcase classname="AllTest.BankingTest" name="bankingTest" time="53.570"/>
  <system-out>
    <![CDATA[[[ChromeDriver: chrome on MAC (fd493a1d6ea05ccd2f1017975662fb9c)] -> xpath: //span[text()='Banking']] Has been clicked<b>
[[ChromeDriver: chrome on MAC (fd493a1d6ea05ccd2f1017975662fb9c)] -> xpath: //a[text()='Checking']] Has been clicked<b>
[[ChromeDriver: chrome on MAC (fd493a1d6ea05ccd2f1017975662fb9c)] -> css selector: .-oneX-typography-variant4.-w_mb-16.-w_mb-xl-24.-w_pr-xl-30] <<<Inner Text : Get set today with an easy to use checking account<b>
Proxy element for: DefaultElementLocator 'By.xpath: (//button[@id='submit'])[1]' Has been clicked<b>]]>
  </system-out>
</testsuite> <!-- AllTest.BankingTest -->
